<?xml version="1.0" encoding="UTF-8"?>
<!-- Generated by org.testng.reporters.JUnitXMLReporter -->
<testsuite hostname="DESKTOP-Q2S8VAD" ignored="0" name="RegressionTestCases" tests="8" failures="1" timestamp="25 Jul 2020 11:42:55 GMT" time="51.752" errors="0">
  <testcase name="verifyHomePageTitleTest" time="3.287" classname="com.trendyol.tests.MainTest"/>
  <testcase name="verifyUserLoginTest" time="11.292" classname="com.trendyol.tests.MainTest">
    <failure type="java.lang.AssertionError" message="expected [true] but found [false]">
      <![CDATA[java.lang.AssertionError: expected [true] but found [false]
at com.trendyol.tests.MainTest.verifyUserLoginTest(MainTest.java:55)
... Removed 29 stack frames]]>
    </failure>
  </testcase> <!-- verifyUserLoginTest -->
  <testcase name="searchTest" time="0.162" classname="com.trendyol.tests.MainTest"/>
  <testcase name="clickRandomProductTest" time="9.472" classname="com.trendyol.tests.MainTest"/>
  <testcase name="addToCartProductTest" time="3.569" classname="com.trendyol.tests.MainTest"/>
  <testcase name="checkProductPriceAndCartPrice" time="3.213" classname="com.trendyol.tests.MainTest"/>
  <testcase name="addToCartNumberTest" time="4.356" classname="com.trendyol.tests.MainTest"/>
  <testcase name="deleteProductInCartTest" time="5.068" classname="com.trendyol.tests.MainTest"/>
</testsuite> <!-- RegressionTestCases -->
